Started GET "/" for ::1 at 2022-05-04 14:52:16 -0600
  [1m[35m (2.1ms)[0m  [1m[34mSELECT sqlite_version(*)[0m
Processing by StaticPagesController#home as HTML
  Rendering layout layouts/application.html.erb
  Rendering static_pages/home.html.erb within layouts/application
  Rendered static_pages/home.html.erb within layouts/application (Duration: 270.2ms | Allocations: 80191)
  Rendered layout layouts/application.html.erb (Duration: 302.8ms | Allocations: 90637)
Completed 500 Internal Server Error in 331ms (ActiveRecord: 0.0ms | Allocations: 97557)


  
ActionView::Template::Error (undefined method `javascript_pack_tag' for #<ActionView::Base:0x0000000000b608>
Did you mean?  javascript_path
               javascript_tag):
     8: 
     9:     <%= stylesheet_link_tag 'application', media: 'all',
    10:                                            'data-turbolinks-track': 'reload' %>
    11:     <%= javascript_pack_tag 'application', 'data-turbolinks-track': 'reload' %>
    12:     <!--[if lt IE 9]>
    13:       <script src="//cdnjs.cloudflare.com/ajax/libs/html5shiv/r29/html5.min.js">
    14:       </script>
  
app/views/layouts/application.html.erb:11
Started GET "/" for ::1 at 2022-05-04 14:53:20 -0600
  [1m[35m (0.6ms)[0m  [1m[34mSELECT sqlite_version(*)[0m
Processing by StaticPagesController#home as HTML
  Rendering layout layouts/application.html.erb
  Rendering static_pages/home.html.erb within layouts/application
  Rendered static_pages/home.html.erb within layouts/application (Duration: 65.1ms | Allocations: 21980)
  Rendered layout layouts/application.html.erb (Duration: 92.4ms | Allocations: 41431)
Completed 200 OK in 104ms (Views: 96.7ms | ActiveRecord: 0.0ms | Allocations: 47223)


Started GET "/" for ::1 at 2022-05-04 14:53:22 -0600
Processing by StaticPagesController#home as HTML
  Rendering layout layouts/application.html.erb
  Rendering static_pages/home.html.erb within layouts/application
  Rendered static_pages/home.html.erb within layouts/application (Duration: 1.7ms | Allocations: 755)
  Rendered layout layouts/application.html.erb (Duration: 5.5ms | Allocations: 3232)
Completed 200 OK in 7ms (Views: 6.2ms | ActiveRecord: 0.0ms | Allocations: 3622)


Started GET "/" for ::1 at 2022-05-04 14:54:45 -0600
  [1m[35m (0.6ms)[0m  [1m[34mSELECT sqlite_version(*)[0m
Processing by StaticPagesController#home as HTML
  Rendering layout layouts/application.html.erb
  Rendering static_pages/home.html.erb within layouts/application
  Rendered static_pages/home.html.erb within layouts/application (Duration: 64.6ms | Allocations: 27549)
  Rendered layout layouts/application.html.erb (Duration: 65.0ms | Allocations: 27656)
Completed 500 Internal Server Error in 77ms (ActiveRecord: 0.0ms | Allocations: 33377)


  
LoadError (cannot load such file -- sassc):
  
bootsnap (1.11.1) lib/bootsnap/load_path_cache/core_ext/kernel_require.rb:15:in `require'
bootsnap (1.11.1) lib/bootsnap/load_path_cache/core_ext/kernel_require.rb:15:in `require'
zeitwerk (2.5.4) lib/zeitwerk/kernel.rb:35:in `require'
sprockets (4.0.3) lib/sprockets/autoload/sassc.rb:2:in `<main>'
bootsnap (1.11.1) lib/bootsnap/load_path_cache/core_ext/kernel_require.rb:30:in `require'
bootsnap (1.11.1) lib/bootsnap/load_path_cache/core_ext/kernel_require.rb:30:in `require'
zeitwerk (2.5.4) lib/zeitwerk/kernel.rb:35:in `require'
sprockets (4.0.3) lib/sprockets/sassc_processor.rb:42:in `initialize'
sprockets (4.0.3) lib/sprockets/sassc_processor.rb:27:in `new'
sprockets (4.0.3) lib/sprockets/sassc_processor.rb:27:in `instance'
sprockets (4.0.3) lib/sprockets/sassc_processor.rb:31:in `call'
sprockets (4.0.3) lib/sprockets/processor_utils.rb:84:in `call_processor'
sprockets (4.0.3) lib/sprockets/processor_utils.rb:66:in `block in call_processors'
sprockets (4.0.3) lib/sprockets/processor_utils.rb:65:in `reverse_each'
sprockets (4.0.3) lib/sprockets/processor_utils.rb:65:in `call_processors'
sprockets (4.0.3) lib/sprockets/processor_utils.rb:22:in `block in <class:CompositeProcessor>'
sprockets (4.0.3) lib/sprockets/processor_utils.rb:33:in `call'
sprockets (4.0.3) lib/sprockets/processor_utils.rb:84:in `call_processor'
sprockets (4.0.3) lib/sprockets/processor_utils.rb:66:in `block in call_processors'
sprockets (4.0.3) lib/sprockets/processor_utils.rb:65:in `reverse_each'
sprockets (4.0.3) lib/sprockets/processor_utils.rb:65:in `call_processors'
sprockets (4.0.3) lib/sprockets/loader.rb:182:in `load_from_unloaded'
sprockets (4.0.3) lib/sprockets/loader.rb:59:in `block in load'
sprockets (4.0.3) lib/sprockets/loader.rb:337:in `fetch_asset_from_dependency_cache'
sprockets (4.0.3) lib/sprockets/loader.rb:43:in `load'
sprockets (4.0.3) lib/sprockets/cached_environment.rb:44:in `load'
sprockets (4.0.3) lib/sprockets/bundle.rb:41:in `block in call'
sprockets (4.0.3) lib/sprockets/utils.rb:170:in `dfs'
sprockets (4.0.3) lib/sprockets/bundle.rb:42:in `call'
sprockets (4.0.3) lib/sprockets/processor_utils.rb:84:in `call_processor'
sprockets (4.0.3) lib/sprockets/processor_utils.rb:66:in `block in call_processors'
sprockets (4.0.3) lib/sprockets/processor_utils.rb:65:in `reverse_each'
sprockets (4.0.3) lib/sprockets/processor_utils.rb:65:in `call_processors'
sprockets (4.0.3) lib/sprockets/loader.rb:182:in `load_from_unloaded'
sprockets (4.0.3) lib/sprockets/loader.rb:59:in `block in load'
sprockets (4.0.3) lib/sprockets/loader.rb:337:in `fetch_asset_from_dependency_cache'
sprockets (4.0.3) lib/sprockets/loader.rb:43:in `load'
sprockets (4.0.3) lib/sprockets/cached_environment.rb:44:in `load'
sprockets (4.0.3) lib/sprockets/bundle.rb:32:in `block in call'
/home/joe/.rbenv/versions/3.0.3/lib/ruby/3.0.0/set.rb:344:in `each_key'
/home/joe/.rbenv/versions/3.0.3/lib/ruby/3.0.0/set.rb:344:in `each'
sprockets (4.0.3) lib/sprockets/bundle.rb:31:in `call'
sprockets (4.0.3) lib/sprockets/processor_utils.rb:84:in `call_processor'
sprockets (4.0.3) lib/sprockets/processor_utils.rb:66:in `block in call_processors'
sprockets (4.0.3) lib/sprockets/processor_utils.rb:65:in `reverse_each'
sprockets (4.0.3) lib/sprockets/processor_utils.rb:65:in `call_processors'
sprockets (4.0.3) lib/sprockets/loader.rb:182:in `load_from_unloaded'
sprockets (4.0.3) lib/sprockets/loader.rb:59:in `block in load'
sprockets (4.0.3) lib/sprockets/loader.rb:337:in `fetch_asset_from_dependency_cache'
sprockets (4.0.3) lib/sprockets/loader.rb:43:in `load'
sprockets (4.0.3) lib/sprockets/cached_environment.rb:44:in `load'
sprockets (4.0.3) lib/sprockets/base.rb:81:in `find_asset'
sprockets (4.0.3) lib/sprockets/base.rb:88:in `find_all_linked_assets'
sprockets (4.0.3) lib/sprockets/manifest.rb:125:in `each'
sprockets (4.0.3) lib/sprockets/manifest.rb:125:in `to_a'
sprockets (4.0.3) lib/sprockets/manifest.rb:125:in `block (2 levels) in find'
concurrent-ruby (1.1.10) lib/concurrent-ruby/concurrent/executor/safe_task_executor.rb:24:in `block in execute'
concurrent-ruby (1.1.10) lib/concurrent-ruby/concurrent/synchronization/mutex_lockable_object.rb:47:in `block in synchronize'
concurrent-ruby (1.1.10) lib/concurrent-ruby/concurrent/synchronization/mutex_lockable_object.rb:47:in `synchronize'
concurrent-ruby (1.1.10) lib/concurrent-ruby/concurrent/synchronization/mutex_lockable_object.rb:47:in `synchronize'
concurrent-ruby (1.1.10) lib/concurrent-ruby/concurrent/executor/safe_task_executor.rb:22:in `execute'
concurrent-ruby (1.1.10) lib/concurrent-ruby/concurrent/promise.rb:564:in `block in realize'
concurrent-ruby (1.1.10) lib/concurrent-ruby/concurrent/executor/ruby_thread_pool_executor.rb:352:in `run_task'
concurrent-ruby (1.1.10) lib/concurrent-ruby/concurrent/executor/ruby_thread_pool_executor.rb:343:in `block (3 levels) in create_worker'
concurrent-ruby (1.1.10) lib/concurrent-ruby/concurrent/executor/ruby_thread_pool_executor.rb:334:in `loop'
concurrent-ruby (1.1.10) lib/concurrent-ruby/concurrent/executor/ruby_thread_pool_executor.rb:334:in `block (2 levels) in create_worker'
concurrent-ruby (1.1.10) lib/concurrent-ruby/concurrent/executor/ruby_thread_pool_executor.rb:333:in `catch'
concurrent-ruby (1.1.10) lib/concurrent-ruby/concurrent/executor/ruby_thread_pool_executor.rb:333:in `block in create_worker'
Started GET "/" for ::1 at 2022-05-04 15:03:17 -0600
  [1m[35m (0.7ms)[0m  [1m[34mSELECT sqlite_version(*)[0m
Processing by StaticPagesController#home as HTML
  Rendering layout layouts/application.html.erb
  Rendering static_pages/home.html.erb within layouts/application
  Rendered static_pages/home.html.erb within layouts/application (Duration: 535.3ms | Allocations: 139716)
  Rendered layout layouts/application.html.erb (Duration: 563.6ms | Allocations: 159471)
Completed 200 OK in 572ms (Views: 566.1ms | ActiveRecord: 0.0ms | Allocations: 165262)


Started GET "/" for ::1 at 2022-05-04 15:03:44 -0600
Processing by StaticPagesController#home as HTML
  Rendering layout layouts/application.html.erb
  Rendering static_pages/home.html.erb within layouts/application
  Rendered static_pages/home.html.erb within layouts/application (Duration: 1.7ms | Allocations: 682)
  Rendered layout layouts/application.html.erb (Duration: 74.8ms | Allocations: 20346)
Completed 500 Internal Server Error in 76ms (ActiveRecord: 0.0ms | Allocations: 20739)


  
ActionView::Template::Error (Error: Invalid CSS after '...rt "bootstrap";': expected 1 selector or at-rule, was "."
        on line 2:21 of app/assets/stylesheets/custom.scss
>> @import "bootstrap";

   --------------------^
):
     6:   <%= csrf_meta_tags %>
     7:   <%= csp_meta_tag %>
     8: 
     9:   <%= stylesheet_link_tag "application", "data-turbo-track": "reload" %>
    10:   <%= javascript_importmap_tags %>
    11: </head>
    12: 
  
app/assets/stylesheets/custom.scss:2
app/views/layouts/application.html.erb:9
Started GET "/" for ::1 at 2022-05-04 15:03:53 -0600
Processing by StaticPagesController#home as HTML
  Rendering layout layouts/application.html.erb
  Rendering static_pages/home.html.erb within layouts/application
  Rendered static_pages/home.html.erb within layouts/application (Duration: 1.2ms | Allocations: 755)
  Rendered layout layouts/application.html.erb (Duration: 11.6ms | Allocations: 7044)
Completed 200 OK in 13ms (Views: 12.3ms | ActiveRecord: 0.0ms | Allocations: 7412)


Started GET "/" for ::1 at 2022-05-04 15:04:00 -0600
Processing by StaticPagesController#home as HTML
  Rendering layout layouts/application.html.erb
  Rendering static_pages/home.html.erb within layouts/application
  Rendered static_pages/home.html.erb within layouts/application (Duration: 1.0ms | Allocations: 646)
  Rendered layout layouts/application.html.erb (Duration: 69.2ms | Allocations: 18685)
Completed 500 Internal Server Error in 70ms (ActiveRecord: 0.0ms | Allocations: 18985)


  
ActionView::Template::Error (Error: Invalid CSS after '...rt "bootstrap";': expected 1 selector or at-rule, was "."
        on line 2:21 of app/assets/stylesheets/custom.scss
>> @import "bootstrap";

   --------------------^
):
     6:   <%= csrf_meta_tags %>
     7:   <%= csp_meta_tag %>
     8: 
     9:   <%= stylesheet_link_tag "application", "data-turbo-track": "reload" %>
    10:   <%= javascript_importmap_tags %>
    11: </head>
    12: 
  
app/assets/stylesheets/custom.scss:2
app/views/layouts/application.html.erb:9
Started GET "/" for ::1 at 2022-05-04 15:05:58 -0600
Processing by StaticPagesController#home as HTML
  Rendering layout layouts/application.html.erb
  Rendering static_pages/home.html.erb within layouts/application
  Rendered static_pages/home.html.erb within layouts/application (Duration: 1.0ms | Allocations: 649)
  Rendered layout layouts/application.html.erb (Duration: 225.8ms | Allocations: 46399)
Completed 200 OK in 227ms (Views: 226.6ms | ActiveRecord: 0.0ms | Allocations: 46728)


Started GET "/" for ::1 at 2022-05-04 15:06:33 -0600
Processing by StaticPagesController#home as HTML
  Rendering layout layouts/application.html.erb
  Rendering static_pages/home.html.erb within layouts/application
  Rendered static_pages/home.html.erb within layouts/application (Duration: 1.1ms | Allocations: 646)
  Rendered layout layouts/application.html.erb (Duration: 205.7ms | Allocations: 47204)
Completed 200 OK in 207ms (Views: 206.4ms | ActiveRecord: 0.0ms | Allocations: 47529)


Started GET "/" for ::1 at 2022-05-04 15:27:43 -0600
  [1m[35m (0.6ms)[0m  [1m[34mSELECT sqlite_version(*)[0m
Processing by StaticPagesController#home as HTML
  Rendering layout layouts/application.html.erb
  Rendering static_pages/home.html.erb within layouts/application
  Rendered static_pages/home.html.erb within layouts/application (Duration: 112.4ms | Allocations: 42490)
  Rendered layout layouts/application.html.erb (Duration: 145.8ms | Allocations: 65071)
Completed 500 Internal Server Error in 156ms (ActiveRecord: 0.0ms | Allocations: 70811)


  
ActionView::Template::Error (Missing partial layouts/__header with {:locale=>[:en], :formats=>[:html], :variants=>[], :handlers=>[:raw, :erb, :html, :builder, :ruby, :jbuilder]}.

Searched in:
  * "/home/joe/Documents/odin-project/ruby-rails/sample-app-rails/app/views"
  * "/home/joe/.rbenv/versions/3.0.3/lib/ruby/gems/3.0.0/gems/actiontext-7.0.2.4/app/views"
  * "/home/joe/.rbenv/versions/3.0.3/lib/ruby/gems/3.0.0/gems/actionmailbox-7.0.2.4/app/views"

Did you mean?  layouts/header
               layouts/action_text/contents/content
               active_storage/blobs/blob
               action_text/attachables/remote_image
               action_text/attachables/missing_attachable
               action_text/contents/content):
    11: </head>
    12: 
    13: <body>
    14:   <%= render 'layouts/_header' %>
    15:   <div class="container">
    16:     <%= yield %>
    17:   </div>
  
app/views/layouts/application.html.erb:14
Started GET "/" for ::1 at 2022-05-04 15:30:02 -0600
  [1m[35m (0.5ms)[0m  [1m[34mSELECT sqlite_version(*)[0m
Processing by StaticPagesController#home as HTML
  Rendering layout layouts/application.html.erb
  Rendering static_pages/home.html.erb within layouts/application
  Rendered static_pages/home.html.erb within layouts/application (Duration: 53.8ms | Allocations: 29538)
  Rendered layouts/_header.html.erb (Duration: 0.8ms | Allocations: 305)
  Rendered layout layouts/application.html.erb (Duration: 76.1ms | Allocations: 49615)
Completed 200 OK in 83ms (Views: 78.5ms | ActiveRecord: 0.0ms | Allocations: 55404)


Started GET "/" for ::1 at 2022-05-04 15:35:45 -0600
Processing by StaticPagesController#home as HTML
  Rendering layout layouts/application.html.erb
  Rendering static_pages/home.html.erb within layouts/application
  Rendered static_pages/home.html.erb within layouts/application (Duration: 1.8ms | Allocations: 1004)
  Rendered layouts/_header.html.erb (Duration: 1.1ms | Allocations: 303)
  Rendered layout layouts/application.html.erb (Duration: 249.2ms | Allocations: 50916)
Completed 200 OK in 252ms (Views: 250.8ms | ActiveRecord: 0.0ms | Allocations: 52112)


Started GET "/" for ::1 at 2022-05-04 15:35:47 -0600
Processing by StaticPagesController#home as HTML
  Rendering layout layouts/application.html.erb
  Rendering static_pages/home.html.erb within layouts/application
  Rendered static_pages/home.html.erb within layouts/application (Duration: 1.1ms | Allocations: 649)
  Rendered layouts/_header.html.erb (Duration: 0.1ms | Allocations: 97)
  Rendered layout layouts/application.html.erb (Duration: 8.5ms | Allocations: 6880)
Completed 200 OK in 9ms (Views: 8.9ms | ActiveRecord: 0.0ms | Allocations: 7229)


Started GET "/" for ::1 at 2022-05-04 15:35:47 -0600
Processing by StaticPagesController#home as HTML
  Rendering layout layouts/application.html.erb
  Rendering static_pages/home.html.erb within layouts/application
  Rendered static_pages/home.html.erb within layouts/application (Duration: 1.2ms | Allocations: 646)
  Rendered layouts/_header.html.erb (Duration: 0.3ms | Allocations: 97)
  Rendered layout layouts/application.html.erb (Duration: 11.4ms | Allocations: 6884)
Completed 200 OK in 12ms (Views: 11.9ms | ActiveRecord: 0.0ms | Allocations: 7209)


Started GET "/" for ::1 at 2022-05-04 15:35:48 -0600
Processing by StaticPagesController#home as HTML
  Rendering layout layouts/application.html.erb
  Rendering static_pages/home.html.erb within layouts/application
  Rendered static_pages/home.html.erb within layouts/application (Duration: 3.0ms | Allocations: 649)
  Rendered layouts/_header.html.erb (Duration: 0.1ms | Allocations: 97)
  Rendered layout layouts/application.html.erb (Duration: 12.3ms | Allocations: 6881)
Completed 200 OK in 14ms (Views: 12.9ms | ActiveRecord: 0.0ms | Allocations: 7206)


Started GET "/" for ::1 at 2022-05-04 15:36:11 -0600
  [1m[35m (0.5ms)[0m  [1m[34mSELECT sqlite_version(*)[0m
Processing by StaticPagesController#home as HTML
  Rendering layout layouts/application.html.erb
  Rendering static_pages/home.html.erb within layouts/application
  Rendered static_pages/home.html.erb within layouts/application (Duration: 100.9ms | Allocations: 43743)
  Rendered layouts/_header.html.erb (Duration: 1.6ms | Allocations: 305)
  Rendered layout layouts/application.html.erb (Duration: 127.0ms | Allocations: 63740)
Completed 200 OK in 138ms (Views: 130.4ms | ActiveRecord: 0.0ms | Allocations: 69528)


Started GET "/" for ::1 at 2022-05-04 15:36:54 -0600
  [1m[35m (0.6ms)[0m  [1m[34mSELECT sqlite_version(*)[0m
Processing by StaticPagesController#home as HTML
  Rendering layout layouts/application.html.erb
  Rendering static_pages/home.html.erb within layouts/application
  Rendered static_pages/home.html.erb within layouts/application (Duration: 329.7ms | Allocations: 82660)
  Rendered layouts/_header.html.erb (Duration: 1.8ms | Allocations: 308)
  Rendered layout layouts/application.html.erb (Duration: 370.0ms | Allocations: 102684)
Completed 200 OK in 380ms (Views: 373.2ms | ActiveRecord: 0.0ms | Allocations: 108472)


Started GET "/" for ::1 at 2022-05-04 15:37:18 -0600
Processing by StaticPagesController#home as HTML
  Rendering layout layouts/application.html.erb
  Rendering static_pages/home.html.erb within layouts/application
  Rendered static_pages/home.html.erb within layouts/application (Duration: 2.2ms | Allocations: 1006)
  Rendered layouts/_header.html.erb (Duration: 0.7ms | Allocations: 291)
  Rendered layouts/_footer.html.erb (Duration: 0.5ms | Allocations: 208)
  Rendered layout layouts/application.html.erb (Duration: 12.2ms | Allocations: 8229)
Completed 200 OK in 16ms (Views: 14.5ms | ActiveRecord: 0.0ms | Allocations: 9425)


Started GET "/" for ::1 at 2022-05-04 15:53:12 -0600
  [1m[35m (0.6ms)[0m  [1m[34mSELECT sqlite_version(*)[0m
Processing by StaticPagesController#home as HTML
  Rendering layout layouts/application.html.erb
  Rendering static_pages/home.html.erb within layouts/application
  Rendered static_pages/home.html.erb within layouts/application (Duration: 360.7ms | Allocations: 82421)
  Rendered layouts/_header.html.erb (Duration: 1.5ms | Allocations: 308)
  Rendered layouts/_footer.html.erb (Duration: 0.8ms | Allocations: 208)
  Rendered layout layouts/application.html.erb (Duration: 405.5ms | Allocations: 102776)
Completed 200 OK in 414ms (Views: 408.5ms | ActiveRecord: 0.0ms | Allocations: 108564)


Started GET "/" for ::1 at 2022-05-04 15:56:26 -0600
Processing by StaticPagesController#home as HTML
  Rendering layout layouts/application.html.erb
  Rendering static_pages/home.html.erb within layouts/application
  Rendered static_pages/home.html.erb within layouts/application (Duration: 1.3ms | Allocations: 682)
  Rendered layouts/_header.html.erb (Duration: 0.3ms | Allocations: 98)
  Rendered layouts/_footer.html.erb (Duration: 0.2ms | Allocations: 48)
  Rendered layout layouts/application.html.erb (Duration: 215.6ms | Allocations: 48058)
Completed 200 OK in 217ms (Views: 216.8ms | ActiveRecord: 0.0ms | Allocations: 48448)


Started GET "/" for ::1 at 2022-05-04 15:58:12 -0600
Processing by StaticPagesController#home as HTML
  Rendering layout layouts/application.html.erb
  Rendering static_pages/home.html.erb within layouts/application
  Rendered static_pages/home.html.erb within layouts/application (Duration: 0.9ms | Allocations: 648)
  Rendered layouts/_header.html.erb (Duration: 0.1ms | Allocations: 97)
  Rendered layouts/_footer.html.erb (Duration: 0.9ms | Allocations: 48)
  Rendered layout layouts/application.html.erb (Duration: 291.7ms | Allocations: 47804)
Completed 200 OK in 293ms (Views: 292.4ms | ActiveRecord: 0.0ms | Allocations: 48133)


Started GET "/" for ::1 at 2022-05-04 19:11:19 -0600
  [1m[35m (0.8ms)[0m  [1m[34mSELECT sqlite_version(*)[0m
Processing by StaticPagesController#home as HTML
  Rendering layout layouts/application.html.erb
  Rendering static_pages/home.html.erb within layouts/application
  Rendered static_pages/home.html.erb within layouts/application (Duration: 116.2ms | Allocations: 48380)
  Rendered layouts/_header.html.erb (Duration: 0.8ms | Allocations: 308)
  Rendered layouts/_footer.html.erb (Duration: 0.6ms | Allocations: 212)
  Rendered layout layouts/application.html.erb (Duration: 143.2ms | Allocations: 68744)
Completed 200 OK in 152ms (Views: 145.9ms | ActiveRecord: 0.0ms | Allocations: 74531)


Started GET "/contact_path" for ::1 at 2022-05-04 19:11:22 -0600
  
ActionController::RoutingError (No route matches [GET] "/contact_path"):
  
Started GET "/" for ::1 at 2022-05-04 19:11:23 -0600
Processing by StaticPagesController#home as HTML
  Rendering layout layouts/application.html.erb
  Rendering static_pages/home.html.erb within layouts/application
  Rendered static_pages/home.html.erb within layouts/application (Duration: 2.5ms | Allocations: 758)
  Rendered layouts/_header.html.erb (Duration: 0.3ms | Allocations: 99)
  Rendered layouts/_footer.html.erb (Duration: 0.1ms | Allocations: 50)
  Rendered layout layouts/application.html.erb (Duration: 14.8ms | Allocations: 7293)
Completed 200 OK in 17ms (Views: 15.7ms | ActiveRecord: 0.0ms | Allocations: 7664)


Started GET "/about_path" for ::1 at 2022-05-04 19:11:29 -0600
  
ActionController::RoutingError (No route matches [GET] "/about_path"):
  
Started GET "/" for ::1 at 2022-05-04 19:11:30 -0600
Processing by StaticPagesController#home as HTML
  Rendering layout layouts/application.html.erb
  Rendering static_pages/home.html.erb within layouts/application
  Rendered static_pages/home.html.erb within layouts/application (Duration: 0.9ms | Allocations: 652)
  Rendered layouts/_header.html.erb (Duration: 0.4ms | Allocations: 99)
  Rendered layouts/_footer.html.erb (Duration: 0.1ms | Allocations: 50)
  Rendered layout layouts/application.html.erb (Duration: 11.9ms | Allocations: 7116)
Completed 200 OK in 13ms (Views: 12.6ms | ActiveRecord: 0.0ms | Allocations: 7442)


Started GET "/root_path" for ::1 at 2022-05-04 19:11:34 -0600
  
ActionController::RoutingError (No route matches [GET] "/root_path"):
  
Started GET "/" for ::1 at 2022-05-04 19:11:39 -0600
Processing by StaticPagesController#home as HTML
  Rendering layout layouts/application.html.erb
  Rendering static_pages/home.html.erb within layouts/application
  Rendered static_pages/home.html.erb within layouts/application (Duration: 1.1ms | Allocations: 652)
  Rendered layouts/_header.html.erb (Duration: 0.2ms | Allocations: 99)
  Rendered layouts/_footer.html.erb (Duration: 0.1ms | Allocations: 50)
  Rendered layout layouts/application.html.erb (Duration: 12.0ms | Allocations: 7111)
Completed 200 OK in 13ms (Views: 12.5ms | ActiveRecord: 0.0ms | Allocations: 7439)


Started GET "/" for ::1 at 2022-05-04 19:12:27 -0600
Processing by StaticPagesController#home as HTML
  Rendering layout layouts/application.html.erb
  Rendering static_pages/home.html.erb within layouts/application
  Rendered static_pages/home.html.erb within layouts/application (Duration: 2.9ms | Allocations: 1007)
  Rendered layouts/_header.html.erb (Duration: 1.2ms | Allocations: 372)
  Rendered layouts/_footer.html.erb (Duration: 8.7ms | Allocations: 4461)
  Rendered layout layouts/application.html.erb (Duration: 23.3ms | Allocations: 12563)
Completed 500 Internal Server Error in 26ms (ActiveRecord: 0.0ms | Allocations: 13674)


  
ActionView::Template::Error (undefined local variable or method `about_path' for #<ActionView::Base:0x0000000000c198>):
     5:   </small>
     6:   <nav>
     7:     <ul>
     8:       <li><%= link_to "About",   about_path %></li>
     9:       <li><%= link_to "Contact", contact_path %></li>
    10:       <li><a href="https://news.railstutorial.org/">News</a></li>
    11:     </ul>
  
app/views/layouts/_footer.html.erb:8
app/views/layouts/application.html.erb:16
Started GET "/" for ::1 at 2022-05-04 19:12:41 -0600
Processing by StaticPagesController#home as HTML
  Rendering layout layouts/application.html.erb
  Rendering static_pages/home.html.erb within layouts/application
  Rendered static_pages/home.html.erb within layouts/application (Duration: 2.1ms | Allocations: 652)
  Rendered layouts/_header.html.erb (Duration: 0.8ms | Allocations: 132)
  Rendered layouts/_footer.html.erb (Duration: 9.6ms | Allocations: 4219)
  Rendered layout layouts/application.html.erb (Duration: 20.9ms | Allocations: 11328)
Completed 500 Internal Server Error in 22ms (ActiveRecord: 0.0ms | Allocations: 11639)


  
ActionView::Template::Error (undefined local variable or method `about_path' for #<ActionView::Base:0x0000000000c490>):
     5:   </small>
     6:   <nav>
     7:     <ul>
     8:       <li><%= link_to "About",   about_path %></li>
     9:       <li><%= link_to "Contact", contact_path %></li>
    10:       <li><a href="https://news.railstutorial.org/">News</a></li>
    11:     </ul>
  
app/views/layouts/_footer.html.erb:8
app/views/layouts/application.html.erb:16
Started GET "/" for ::1 at 2022-05-04 19:13:23 -0600
  [1m[35m (0.6ms)[0m  [1m[34mSELECT sqlite_version(*)[0m
Processing by StaticPagesController#home as HTML
  Rendering layout layouts/application.html.erb
  Rendering static_pages/home.html.erb within layouts/application
  Rendered static_pages/home.html.erb within layouts/application (Duration: 62.5ms | Allocations: 29368)
  Rendered layouts/_header.html.erb (Duration: 1.6ms | Allocations: 395)
  Rendered layouts/_footer.html.erb (Duration: 11.3ms | Allocations: 5220)
  Rendered layout layouts/application.html.erb (Duration: 106.0ms | Allocations: 54933)
Completed 500 Internal Server Error in 119ms (ActiveRecord: 0.0ms | Allocations: 60664)


  
ActionView::Template::Error (undefined local variable or method `about_path' for #<ActionView::Base:0x0000000000b720>):
     5:   </small>
     6:   <nav>
     7:     <ul>
     8:       <li><%= link_to "About",   about_path %></li>
     9:       <li><%= link_to "Contact", contact_path %></li>
    10:       <li><a href="https://news.railstutorial.org/">News</a></li>
    11:     </ul>
  
app/views/layouts/_footer.html.erb:8
app/views/layouts/application.html.erb:16
Started GET "/" for ::1 at 2022-05-04 19:14:22 -0600
Processing by StaticPagesController#home as HTML
  Rendering layout layouts/application.html.erb
  Rendering static_pages/home.html.erb within layouts/application
  Rendered static_pages/home.html.erb within layouts/application (Duration: 1.5ms | Allocations: 816)
  Rendered layouts/_header.html.erb (Duration: 0.9ms | Allocations: 159)
  Rendered layouts/_footer.html.erb (Duration: 0.3ms | Allocations: 71)
  Rendered layout layouts/application.html.erb (Duration: 36.1ms | Allocations: 20164)
Completed 200 OK in 38ms (Views: 37.2ms | Allocations: 21086)


Started GET "/about" for ::1 at 2022-05-04 19:14:24 -0600
Processing by StaticPagesController#about as HTML
  Rendering layout layouts/application.html.erb
  Rendering static_pages/about.html.erb within layouts/application
  Rendered static_pages/about.html.erb within layouts/application (Duration: 0.7ms | Allocations: 167)
  Rendered layouts/_header.html.erb (Duration: 0.2ms | Allocations: 132)
  Rendered layouts/_footer.html.erb (Duration: 0.1ms | Allocations: 66)
  Rendered layout layouts/application.html.erb (Duration: 10.5ms | Allocations: 6703)
Completed 200 OK in 12ms (Views: 11.1ms | Allocations: 7126)


Started GET "/contact" for ::1 at 2022-05-04 19:14:26 -0600
Processing by StaticPagesController#contact as HTML
  Rendering layout layouts/application.html.erb
  Rendering static_pages/contact.html.erb within layouts/application
  Rendered static_pages/contact.html.erb within layouts/application (Duration: 0.6ms | Allocations: 137)
  Rendered layouts/_header.html.erb (Duration: 0.2ms | Allocations: 132)
  Rendered layouts/_footer.html.erb (Duration: 0.1ms | Allocations: 66)
  Rendered layout layouts/application.html.erb (Duration: 10.6ms | Allocations: 6685)
Completed 200 OK in 12ms (Views: 11.2ms | Allocations: 7069)


Started GET "/" for ::1 at 2022-05-04 19:14:27 -0600
Processing by StaticPagesController#home as HTML
  Rendering layout layouts/application.html.erb
  Rendering static_pages/home.html.erb within layouts/application
  Rendered static_pages/home.html.erb within layouts/application (Duration: 1.4ms | Allocations: 651)
  Rendered layouts/_header.html.erb (Duration: 0.6ms | Allocations: 132)
  Rendered layouts/_footer.html.erb (Duration: 0.1ms | Allocations: 66)
  Rendered layout layouts/application.html.erb (Duration: 11.2ms | Allocations: 7061)
Completed 200 OK in 12ms (Views: 11.9ms | Allocations: 7390)


Started GET "/" for ::1 at 2022-05-04 19:14:28 -0600
Processing by StaticPagesController#home as HTML
  Rendering layout layouts/application.html.erb
  Rendering static_pages/home.html.erb within layouts/application
  Rendered static_pages/home.html.erb within layouts/application (Duration: 2.8ms | Allocations: 648)
  Rendered layouts/_header.html.erb (Duration: 0.2ms | Allocations: 132)
  Rendered layouts/_footer.html.erb (Duration: 0.1ms | Allocations: 66)
  Rendered layout layouts/application.html.erb (Duration: 12.0ms | Allocations: 7032)
Completed 200 OK in 13ms (Views: 12.9ms | Allocations: 7357)


Started GET "/" for ::1 at 2022-05-04 19:57:55 -0600
Processing by StaticPagesController#home as HTML
  Rendering layout layouts/application.html.erb
  Rendering static_pages/home.html.erb within layouts/application
  Rendered static_pages/home.html.erb within layouts/application (Duration: 1.6ms | Allocations: 1006)
  Rendered layouts/_header.html.erb (Duration: 0.7ms | Allocations: 344)
  Rendered layouts/_footer.html.erb (Duration: 0.4ms | Allocations: 221)
  Rendered layout layouts/application.html.erb (Duration: 20.4ms | Allocations: 20913)
Completed 200 OK in 23ms (Views: 21.9ms | Allocations: 22133)


Started GET "/" for ::1 at 2022-05-04 20:13:32 -0600
  [1m[35m (0.5ms)[0m  [1m[34mSELECT sqlite_version(*)[0m
Processing by StaticPagesController#home as HTML
  Rendering layout layouts/application.html.erb
  Rendering static_pages/home.html.erb within layouts/application
  Rendered static_pages/home.html.erb within layouts/application (Duration: 75.9ms | Allocations: 29734)
  Rendered layouts/_header.html.erb (Duration: 2.6ms | Allocations: 395)
  Rendered layouts/_footer.html.erb (Duration: 1.0ms | Allocations: 226)
  Rendered layout layouts/application.html.erb (Duration: 112.9ms | Allocations: 50278)
Completed 200 OK in 121ms (Views: 115.3ms | ActiveRecord: 0.0ms | Allocations: 56081)


Started GET "/signup_path" for ::1 at 2022-05-04 20:13:34 -0600
  
ActionController::RoutingError (No route matches [GET] "/signup_path"):
  
Started GET "/signup_path" for ::1 at 2022-05-04 20:15:16 -0600
  [1m[35m (0.6ms)[0m  [1m[34mSELECT sqlite_version(*)[0m
  
ActionController::RoutingError (No route matches [GET] "/signup_path"):
  
Started GET "/" for ::1 at 2022-05-04 20:15:20 -0600
Processing by StaticPagesController#home as HTML
  Rendering layout layouts/application.html.erb
  Rendering static_pages/home.html.erb within layouts/application
  Rendered static_pages/home.html.erb within layouts/application (Duration: 87.7ms | Allocations: 29470)
  Rendered layouts/_header.html.erb (Duration: 2.4ms | Allocations: 393)
  Rendered layouts/_footer.html.erb (Duration: 1.0ms | Allocations: 226)
  Rendered layout layouts/application.html.erb (Duration: 134.3ms | Allocations: 49808)
Completed 200 OK in 145ms (Views: 138.3ms | ActiveRecord: 0.0ms | Allocations: 53645)


Started GET "/signup_path" for ::1 at 2022-05-04 20:15:21 -0600
  
ActionController::RoutingError (No route matches [GET] "/signup_path"):
  
Started GET "/" for ::1 at 2022-05-04 20:15:23 -0600
Processing by StaticPagesController#home as HTML
  Rendering layout layouts/application.html.erb
  Rendering static_pages/home.html.erb within layouts/application
  Rendered static_pages/home.html.erb within layouts/application (Duration: 2.4ms | Allocations: 651)
  Rendered layouts/_header.html.erb (Duration: 0.3ms | Allocations: 132)
  Rendered layouts/_footer.html.erb (Duration: 0.2ms | Allocations: 66)
  Rendered layout layouts/application.html.erb (Duration: 19.4ms | Allocations: 7052)
Completed 200 OK in 22ms (Views: 21.3ms | ActiveRecord: 0.0ms | Allocations: 7399)


Started GET "/" for ::1 at 2022-05-04 20:15:36 -0600
Processing by StaticPagesController#home as HTML
  Rendering layout layouts/application.html.erb
  Rendering static_pages/home.html.erb within layouts/application
  Rendered static_pages/home.html.erb within layouts/application (Duration: 1.1ms | Allocations: 816)
  Rendered layouts/_header.html.erb (Duration: 0.3ms | Allocations: 159)
  Rendered layouts/_footer.html.erb (Duration: 0.1ms | Allocations: 71)
  Rendered layout layouts/application.html.erb (Duration: 20.4ms | Allocations: 20088)
Completed 200 OK in 22ms (Views: 21.7ms | Allocations: 20979)


Started GET "/signup_path" for ::1 at 2022-05-04 20:15:38 -0600
  
ActionController::RoutingError (No route matches [GET] "/signup_path"):
  
Started GET "/" for ::1 at 2022-05-04 20:15:39 -0600
Processing by StaticPagesController#home as HTML
  Rendering layout layouts/application.html.erb
  Rendering static_pages/home.html.erb within layouts/application
  Rendered static_pages/home.html.erb within layouts/application (Duration: 1.7ms | Allocations: 653)
  Rendered layouts/_header.html.erb (Duration: 0.6ms | Allocations: 132)
  Rendered layouts/_footer.html.erb (Duration: 0.2ms | Allocations: 66)
  Rendered layout layouts/application.html.erb (Duration: 14.2ms | Allocations: 7166)
Completed 200 OK in 16ms (Views: 15.0ms | Allocations: 7506)


Started GET "/" for ::1 at 2022-05-04 20:16:32 -0600
Processing by StaticPagesController#home as HTML
  Rendering layout layouts/application.html.erb
  Rendering static_pages/home.html.erb within layouts/application
  Rendered static_pages/home.html.erb within layouts/application (Duration: 2.2ms | Allocations: 1046)
  Rendered layouts/_header.html.erb (Duration: 0.7ms | Allocations: 310)
  Rendered layouts/_footer.html.erb (Duration: 0.5ms | Allocations: 221)
  Rendered layout layouts/application.html.erb (Duration: 13.0ms | Allocations: 8288)
Completed 200 OK in 16ms (Views: 15.1ms | Allocations: 9415)


Started GET "/signup" for ::1 at 2022-05-04 20:16:33 -0600
Processing by UsersController#new as HTML
  Rendering layout layouts/application.html.erb
  Rendering users/new.html.erb within layouts/application
  Rendered users/new.html.erb within layouts/application (Duration: 1.0ms | Allocations: 170)
  Rendered layouts/_header.html.erb (Duration: 0.5ms | Allocations: 167)
  Rendered layouts/_footer.html.erb (Duration: 0.1ms | Allocations: 71)
  Rendered layout layouts/application.html.erb (Duration: 10.4ms | Allocations: 7043)
Completed 200 OK in 14ms (Views: 13.0ms | Allocations: 8056)


  [1m[35m (0.5ms)[0m  [1m[34mSELECT sqlite_version(*)[0m
  [1m[35m (9.9ms)[0m  [1m[35mCREATE TABLE "schema_migrations" ("version" varchar NOT NULL PRIMARY KEY)[0m
  [1m[35m (5.2ms)[0m  [1m[35mCREATE TABLE "ar_internal_metadata" ("key" varchar NOT NULL PRIMARY KEY, "value" varchar, "created_at" datetime(6) NOT NULL, "updated_at" datetime(6) NOT NULL)[0m
  [1m[36mActiveRecord::SchemaMigration Pluck (0.1ms)[0m  [1m[34mSELECT "schema_migrations"."version" FROM "schema_migrations" ORDER BY "schema_migrations"."version" ASC[0m
Migrating to CreateUsers (20220505031541)
  [1m[36mTRANSACTION (0.1ms)[0m  [1m[36mbegin transaction[0m
  [1m[35m (0.3ms)[0m  [1m[35mCREATE TABLE "users" ("id" integer PRIMARY KEY AUTOINCREMENT NOT NULL, "name" varchar, "email" varchar, "created_at" datetime(6) NOT NULL, "updated_at" datetime(6) NOT NULL)[0m
  [1m[36mActiveRecord::SchemaMigration Create (0.2ms)[0m  [1m[32mINSERT INTO "schema_migrations" ("version") VALUES (?)[0m  [["version", "20220505031541"]]
  [1m[36mTRANSACTION (4.8ms)[0m  [1m[36mcommit transaction[0m
  [1m[36mActiveRecord::InternalMetadata Load (0.2ms)[0m  [1m[34mSELECT "ar_internal_metadata".* FROM "ar_internal_metadata" WHERE "ar_internal_metadata"."key" = ? LIMIT ?[0m  [["key", "environment"], ["LIMIT", 1]]
  [1m[36mTRANSACTION (0.1ms)[0m  [1m[36mbegin transaction[0m
  [1m[36mActiveRecord::InternalMetadata Create (0.2ms)[0m  [1m[32mINSERT INTO "ar_internal_metadata" ("key", "value", "created_at", "updated_at") VALUES (?, ?, ?, ?)[0m  [["key", "environment"], ["value", "development"], ["created_at", "2022-05-05 03:18:11.362287"], ["updated_at", "2022-05-05 03:18:11.362287"]]
  [1m[36mTRANSACTION (5.2ms)[0m  [1m[36mcommit transaction[0m
  [1m[35m (0.1ms)[0m  [1m[34mSELECT sqlite_version(*)[0m
  [1m[36mActiveRecord::SchemaMigration Pluck (0.1ms)[0m  [1m[34mSELECT "schema_migrations"."version" FROM "schema_migrations" ORDER BY "schema_migrations"."version" ASC[0m
  [1m[35m (1.0ms)[0m  [1m[34mSELECT sqlite_version(*)[0m
  [1m[36mTRANSACTION (0.1ms)[0m  [1m[36mbegin transaction[0m
  [1m[35m (0.5ms)[0m  [1m[34mSELECT sqlite_version(*)[0m
  [1m[36mTRANSACTION (0.0ms)[0m  [1m[36mbegin transaction[0m
  [1m[35m (0.4ms)[0m  [1m[34mSELECT sqlite_version(*)[0m
  [1m[36mTRANSACTION (0.0ms)[0m  [1m[36mbegin transaction[0m
  [1m[36mTRANSACTION (0.1ms)[0m  [1m[35mSAVEPOINT active_record_1[0m
  [1m[36mUser Create (0.3ms)[0m  [1m[32mINSERT INTO "users" ("name", "email", "created_at", "updated_at") VALUES (?, ?, ?, ?)[0m  [["name", "John Doe"], ["email", "johnD@email.com"], ["created_at", "2022-05-05 03:30:08.096886"], ["updated_at", "2022-05-05 03:30:08.096886"]]
  [1m[36mTRANSACTION (0.1ms)[0m  [1m[35mRELEASE SAVEPOINT active_record_1[0m
  [1m[35m (0.9ms)[0m  [1m[34mSELECT sqlite_version(*)[0m
  [1m[36mTRANSACTION (0.1ms)[0m  [1m[36mbegin transaction[0m
  [1m[36mUser Load (0.2ms)[0m  [1m[34mSELECT "users".* FROM "users" WHERE "users"."id" = ? LIMIT ?[0m  [["id", 1], ["LIMIT", 1]]
  [1m[36mTRANSACTION (0.3ms)[0m  [1m[35mSAVEPOINT active_record_1[0m
  [1m[36mUser Create (5.6ms)[0m  [1m[32mINSERT INTO "users" ("name", "email", "created_at", "updated_at") VALUES (?, ?, ?, ?)[0m  [["name", "John Doe"], ["email", "johndoe@email.com"], ["created_at", "2022-05-05 17:06:39.173910"], ["updated_at", "2022-05-05 17:06:39.173910"]]
  [1m[36mTRANSACTION (0.2ms)[0m  [1m[35mRELEASE SAVEPOINT active_record_1[0m
  [1m[36mUser Load (0.3ms)[0m  [1m[34mSELECT "users".* FROM "users" WHERE "users"."id" = ? LIMIT ?[0m  [["id", 1], ["LIMIT", 1]]
  [1m[36mUser Load (0.1ms)[0m  [1m[34mSELECT "users".* FROM "users" WHERE "users"."id" = ? LIMIT ?[0m  [["id", 3], ["LIMIT", 1]]
  [1m[35m (0.6ms)[0m  [1m[34mSELECT sqlite_version(*)[0m
  [1m[36mTRANSACTION (0.0ms)[0m  [1m[36mbegin transaction[0m
  [1m[36mTRANSACTION (0.1ms)[0m  [1m[35mSAVEPOINT active_record_1[0m
  [1m[36mUser Exists? (0.1ms)[0m  [1m[34mSELECT 1 AS one FROM "users" WHERE "users"."email" = ? LIMIT ?[0m  [["email", "user@example.com"], ["LIMIT", 1]]
  [1m[36mUser Create (0.4ms)[0m  [1m[32mINSERT INTO "users" ("name", "email", "created_at", "updated_at") VALUES (?, ?, ?, ?)[0m  [["name", "Example User"], ["email", "user@example.com"], ["created_at", "2022-05-05 20:56:18.398929"], ["updated_at", "2022-05-05 20:56:18.398929"]]
  [1m[36mTRANSACTION (0.0ms)[0m  [1m[35mRELEASE SAVEPOINT active_record_1[0m
  [1m[35m (0.6ms)[0m  [1m[34mSELECT sqlite_version(*)[0m
  [1m[36mActiveRecord::SchemaMigration Pluck (0.1ms)[0m  [1m[34mSELECT "schema_migrations"."version" FROM "schema_migrations" ORDER BY "schema_migrations"."version" ASC[0m
Migrating to AddIndexToUsersEmail (20220505210052)
  [1m[36mTRANSACTION (0.0ms)[0m  [1m[36mbegin transaction[0m
  [1m[35m (0.2ms)[0m  [1m[35mCREATE UNIQUE INDEX "index_users_on_email" ON "users" ("email")[0m
  [1m[36mActiveRecord::SchemaMigration Create (0.2ms)[0m  [1m[32mINSERT INTO "schema_migrations" ("version") VALUES (?)[0m  [["version", "20220505210052"]]
  [1m[36mTRANSACTION (9.3ms)[0m  [1m[36mcommit transaction[0m
  [1m[36mActiveRecord::InternalMetadata Load (0.2ms)[0m  [1m[34mSELECT "ar_internal_metadata".* FROM "ar_internal_metadata" WHERE "ar_internal_metadata"."key" = ? LIMIT ?[0m  [["key", "environment"], ["LIMIT", 1]]
  [1m[35m (0.1ms)[0m  [1m[34mSELECT sqlite_version(*)[0m
  [1m[36mActiveRecord::SchemaMigration Pluck (0.1ms)[0m  [1m[34mSELECT "schema_migrations"."version" FROM "schema_migrations" ORDER BY "schema_migrations"."version" ASC[0m
  [1m[35m (0.6ms)[0m  [1m[34mSELECT sqlite_version(*)[0m
  [1m[36mActiveRecord::SchemaMigration Pluck (0.1ms)[0m  [1m[34mSELECT "schema_migrations"."version" FROM "schema_migrations" ORDER BY "schema_migrations"."version" ASC[0m
Migrating to AddPasswordDigestToUsers (20220505232913)
  [1m[36mTRANSACTION (0.1ms)[0m  [1m[36mbegin transaction[0m
  [1m[35m (0.3ms)[0m  [1m[35mALTER TABLE "users" ADD "password_digest" varchar[0m
  [1m[36mActiveRecord::SchemaMigration Create (0.2ms)[0m  [1m[32mINSERT INTO "schema_migrations" ("version") VALUES (?)[0m  [["version", "20220505232913"]]
  [1m[36mTRANSACTION (8.5ms)[0m  [1m[36mcommit transaction[0m
  [1m[36mActiveRecord::InternalMetadata Load (0.2ms)[0m  [1m[34mSELECT "ar_internal_metadata".* FROM "ar_internal_metadata" WHERE "ar_internal_metadata"."key" = ? LIMIT ?[0m  [["key", "environment"], ["LIMIT", 1]]
  [1m[35m (0.1ms)[0m  [1m[34mSELECT sqlite_version(*)[0m
  [1m[36mActiveRecord::SchemaMigration Pluck (0.1ms)[0m  [1m[34mSELECT "schema_migrations"."version" FROM "schema_migrations" ORDER BY "schema_migrations"."version" ASC[0m
  [1m[35m (0.7ms)[0m  [1m[34mSELECT sqlite_version(*)[0m
  [1m[36mTRANSACTION (0.1ms)[0m  [1m[36mbegin transaction[0m
  [1m[36mUser Exists? (0.2ms)[0m  [1m[34mSELECT 1 AS one FROM "users" WHERE "users"."email" = ? LIMIT ?[0m  [["email", "janedoe@email.com"], ["LIMIT", 1]]
  [1m[36mUser Create (0.2ms)[0m  [1m[32mINSERT INTO "users" ("name", "email", "created_at", "updated_at", "password_digest") VALUES (?, ?, ?, ?, ?)[0m  [["name", "Jane Doe"], ["email", "janedoe@email.com"], ["created_at", "2022-05-05 23:55:58.658914"], ["updated_at", "2022-05-05 23:55:58.658914"], ["password_digest", "[FILTERED]"]]
  [1m[36mTRANSACTION (8.5ms)[0m  [1m[36mcommit transaction[0m
Started GET "/" for ::1 at 2022-05-05 17:56:43 -0600
  [1m[35m (0.6ms)[0m  [1m[34mSELECT sqlite_version(*)[0m
  [1m[36mActiveRecord::SchemaMigration Pluck (0.2ms)[0m  [1m[34mSELECT "schema_migrations"."version" FROM "schema_migrations" ORDER BY "schema_migrations"."version" ASC[0m
Processing by StaticPagesController#home as HTML
  Rendering layout layouts/application.html.erb
  Rendering static_pages/home.html.erb within layouts/application
  Rendered static_pages/home.html.erb within layouts/application (Duration: 65.9ms | Allocations: 29821)
  Rendered layouts/_header.html.erb (Duration: 2.0ms | Allocations: 324)
  Rendered layouts/_footer.html.erb (Duration: 0.8ms | Allocations: 226)
  Rendered layout layouts/application.html.erb (Duration: 95.6ms | Allocations: 50283)
Completed 200 OK in 107ms (Views: 99.3ms | ActiveRecord: 0.0ms | Allocations: 56088)


  [1m[36mUser Load (0.5ms)[0m  [1m[34mSELECT "users".* FROM "users" WHERE "users"."email" = ? LIMIT ?[0m  [["email", "janedoe@email.com"], ["LIMIT", 1]]
